Build started 2015-12-08 5:22:15 PM.
     1>Project "H:\Documents\School\Assignment 4\SPHydrodynamics\SPHydrodynamics\SPHydrodynamics.vcxproj" on node 2 (Build target(s)).
     1>ClCompile:
         E:\Program Files\Microsoft Visual Studio 12.0\VC\bin\CL.exe /c /ZI /nologo /W3 /WX- /Od /Oy- /D WIN32 /D _DEBUG /D _CONSOLE /D _LIB /D _UNICODE /D UNICODE /Gm /EHsc /RTC1 /MDd /GS /fp:precise /Zc:wchar_t /Zc:forScope /Fo"Debug\\" /Fd"Debug\vc120.pdb" /Gd /TP /analyze- /errorReport:prompt SPH.cpp main.cpp
         SPH.cpp
     1>h:\documents\school\assignment 4\sphydrodynamics\sphydrodynamics\sph.cpp(91): warning C4244: 'return' : conversion from 'double' to 'GLfloat', possible loss of data
     1>h:\documents\school\assignment 4\sphydrodynamics\sphydrodynamics\sph.cpp(109): warning C4244: 'return' : conversion from 'double' to 'GLfloat', possible loss of data
         Generating Code...
         Compiling...
         main.cpp
     1>h:\documents\school\assignment 4\sphydrodynamics\sphydrodynamics\main.cpp(49): warning C4996: 'fopen': This function or variable may be unsafe. Consider using fopen_s instead. To disable deprecation, use _CRT_SECURE_NO_WARNINGS. See online help for details.
                 e:\program files\microsoft visual studio 12.0\vc\include\stdio.h(211) : see declaration of 'fopen'
         Generating Code...
       Link:
         E:\Program Files\Microsoft Visual Studio 12.0\VC\bin\link.exe /ERRORREPORT:PROMPT /OUT:"H:\Documents\School\Assignment 4\SPHydrodynamics\Debug\SPHydrodynamics.exe" /INCREMENTAL /NOLOGO glew32.lib glew32s.lib glfw3.lib opengl32.lib kernel32.lib user32.lib gdi32.lib winspool.lib comdlg32.lib advapi32.lib shell32.lib ole32.lib oleaut32.lib uuid.lib odbc32.lib odbccp32.lib glew32.lib glew32s.lib glfw3.lib opengl32.lib kernel32.lib user32.lib gdi32.lib winspool.lib comdlg32.lib advapi32.lib shell32.lib ole32.lib oleaut32.lib uuid.lib odbc32.lib odbccp32.lib /MANIFEST /MANIFESTUAC:"level='asInvoker' uiAccess='false'" /manifest:embed /DEBUG /PDB:"H:\Documents\School\Assignment 4\SPHydrodynamics\Debug\SPHydrodynamics.pdb" /SUBSYSTEM:CONSOLE /TLBID:1 /DYNAMICBASE /NXCOMPAT /IMPLIB:"H:\Documents\School\Assignment 4\SPHydrodynamics\Debug\SPHydrodynamics.lib" /MACHINE:X86 Debug\GOBJ.obj
         Debug\main.obj
         Debug\SPH.obj
         SPHydrodynamics.vcxproj -> H:\Documents\School\Assignment 4\SPHydrodynamics\Debug\SPHydrodynamics.exe
     1>Done Building Project "H:\Documents\School\Assignment 4\SPHydrodynamics\SPHydrodynamics\SPHydrodynamics.vcxproj" (Build target(s)).

Build succeeded.

Time Elapsed 00:00:01.83
